  指针.cpp
libcpmtd.lib(xlocale.obj) : error LNK2019: 无法解析的外部符号 _calloc_dbg，函数 "public: __cdecl std::_Iterator_base12::~_Iterator_base12(void)" (??1_Iterator_base12@std@@QEAA@XZ) 中引用了该符号
指针.obj : error LNK2001: 无法解析的外部符号 _calloc_dbg
libcpmtd.lib(_tolower.obj) : error LNK2001: 无法解析的外部符号 _calloc_dbg
libcpmtd.lib(locale.obj) : error LNK2001: 无法解析的外部符号 _calloc_dbg
libcpmtd.lib(wlocale.obj) : error LNK2001: 无法解析的外部符号 _calloc_dbg
libcpmtd.lib(StlCompareStringA.obj) : error LNK2001: 无法解析的外部符号 _free_dbg
libcpmtd.lib(StlLCMapStringA.obj) : error LNK2001: 无法解析的外部符号 _free_dbg
libcpmtd.lib(wlocale.obj) : error LNK2001: 无法解析的外部符号 _free_dbg
libcpmtd.lib(xlocale.obj) : error LNK2001: 无法解析的外部符号 _free_dbg
libcpmtd.lib(xwcsxfrm.obj) : error LNK2001: 无法解析的外部符号 _free_dbg
指针.obj : error LNK2001: 无法解析的外部符号 _free_dbg
libcpmtd.lib(locale0.obj) : error LNK2001: 无法解析的外部符号 _free_dbg
libcpmtd.lib(cout.obj) : error LNK2001: 无法解析的外部符号 _free_dbg
libcpmtd.lib(locale.obj) : error LNK2001: 无法解析的外部符号 _free_dbg
libcpmtd.lib(StlCompareStringA.obj) : error LNK2001: 无法解析的外部符号 _malloc_dbg
libcpmtd.lib(StlLCMapStringA.obj) : error LNK2001: 无法解析的外部符号 _malloc_dbg
libcpmtd.lib(wlocale.obj) : error LNK2001: 无法解析的外部符号 _malloc_dbg
libcpmtd.lib(xlocale.obj) : error LNK2001: 无法解析的外部符号 _malloc_dbg
libcpmtd.lib(xwcsxfrm.obj) : error LNK2001: 无法解析的外部符号 _malloc_dbg
指针.obj : error LNK2001: 无法解析的外部符号 _malloc_dbg
libcpmtd.lib(locale0.obj) : error LNK2001: 无法解析的外部符号 _malloc_dbg
libcpmtd.lib(cout.obj) : error LNK2001: 无法解析的外部符号 _malloc_dbg
libcpmtd.lib(locale.obj) : error LNK2001: 无法解析的外部符号 _malloc_dbg
libcpmtd.lib(xlocale.obj) : error LNK2019: 无法解析的外部符号 _CrtDbgReport，函数 "private: void __cdecl std::basic_string<char,struct std::char_traits<char>,class std::allocator<char> >::_Construct<1,char const *>(char const * const,unsigned __int64)" (??$_Construct@$00PEBD@?$basic_string@DU?$char_traits@D@std@@V?$allocator@D@2@@std@@AEAAXQEBD_K@Z) 中引用了该符号
指针.obj : error LNK2001: 无法解析的外部符号 _CrtDbgReport
libcpmtd.lib(cout.obj) : error LNK2001: 无法解析的外部符号 _CrtDbgReport
libcpmtd.lib(locale.obj) : error LNK2001: 无法解析的外部符号 _CrtDbgReport
libcpmtd.lib(wlocale.obj) : error LNK2001: 无法解析的外部符号 _CrtDbgReport
libcpmtd.lib(_tolower.obj) : error LNK2019: 无法解析的外部符号 _wcsdup_dbg，函数 _Getctype 中引用了该符号
libcpmtd.lib(xstrcoll.obj) : error LNK2001: 无法解析的外部符号 _wcsdup_dbg
libcpmtd.lib(locale.obj) : error LNK2019: 无法解析的外部符号 _realloc_dbg，函数 "private: static void __cdecl std::locale::_Locimp::_Locimp_Addfac(class std::locale::_Locimp *,class std::locale::facet *,unsigned __int64)" (?_Locimp_Addfac@_Locimp@locale@std@@CAXPEAV123@PEAVfacet@23@_K@Z) 中引用了该符号
libcpmtd.lib(StlLCMapStringA.obj) : error LNK2019: 无法解析的外部符号 _CrtDbgReportW，函数 _freea_crt 中引用了该符号
libcpmtd.lib(xmbtowc.obj) : error LNK2001: 无法解析的外部符号 _CrtDbgReportW
libcpmtd.lib(StlCompareStringA.obj) : error LNK2001: 无法解析的外部符号 _CrtDbgReportW
E:\Users\DELL\source\repos\指针\x64\Debug\指针.exe : fatal error LNK1120: 7 个无法解析的外部命令
