  1.cpp
E:\Users\DELL\source\repos\1\1\1.cpp(40,3): error C2065: “cout”: 未声明的标识符
E:\Users\DELL\source\repos\1\1\1.cpp(40,130): error C2065: “endl”: 未声明的标识符
E:\Users\DELL\source\repos\1\1\1.cpp(43,4): error C2065: “cout”: 未声明的标识符
E:\Users\DELL\source\repos\1\1\1.cpp(44,4): error C2065: “cin”: 未声明的标识符
E:\Users\DELL\source\repos\1\1\1.cpp(47,5): error C2065: “cout”: 未声明的标识符
E:\Users\DELL\source\repos\1\1\1.cpp(47,61): error C2065: “endl”: 未声明的标识符
E:\Users\DELL\source\repos\1\1\1.cpp(48,5): error C2065: “cin”: 未声明的标识符
E:\Users\DELL\source\repos\1\1\1.cpp(52,17): error C2065: “cout”: 未声明的标识符
E:\Users\DELL\source\repos\1\1\1.cpp(52,45): error C2065: “endl”: 未声明的标识符
E:\Users\DELL\source\repos\1\1\1.cpp(56,2): error C2065: “ofstream”: 未声明的标识符
E:\Users\DELL\source\repos\1\1\1.cpp(56,11): error C2146: 语法错误: 缺少“;”(在标识符“ofs”的前面)
E:\Users\DELL\source\repos\1\1\1.cpp(56,11): error C3861: “ofs”: 找不到标识符
E:\Users\DELL\source\repos\1\1\1.cpp(57,2): error C2065: “ofs”: 未声明的标识符
E:\Users\DELL\source\repos\1\1\1.cpp(57,116): error C2065: “endl”: 未声明的标识符
E:\Users\DELL\source\repos\1\1\1.cpp(63,4): error C2065: “ofs”: 未声明的标识符
E:\Users\DELL\source\repos\1\1\1.cpp(63,26): error C3861: “setw”: 找不到标识符
E:\Users\DELL\source\repos\1\1\1.cpp(65,3): error C2065: “ofs”: 未声明的标识符
E:\Users\DELL\source\repos\1\1\1.cpp(65,10): error C2065: “endl”: 未声明的标识符
E:\Users\DELL\source\repos\1\1\1.cpp(67,7): error C2065: “i”: 未声明的标识符
E:\Users\DELL\source\repos\1\1\1.cpp(67,14): error C2065: “i”: 未声明的标识符
E:\Users\DELL\source\repos\1\1\1.cpp(67,22): error C2065: “i”: 未声明的标识符
E:\Users\DELL\source\repos\1\1\1.cpp(69,3): error C2065: “ofs”: 未声明的标识符
E:\Users\DELL\source\repos\1\1\1.cpp(69,25): error C2065: “i”: 未声明的标识符
E:\Users\DELL\source\repos\1\1\1.cpp(69,82): error C2065: “i”: 未声明的标识符
E:\Users\DELL\source\repos\1\1\1.cpp(69,88): error C2065: “endl”: 未声明的标识符
E:\Users\DELL\source\repos\1\1\1.cpp(70,3): error C2065: “ofs”: 未声明的标识符
E:\Users\DELL\source\repos\1\1\1.cpp(70,25): error C2065: “i”: 未声明的标识符
E:\Users\DELL\source\repos\1\1\1.cpp(70,85): error C2065: “i”: 未声明的标识符
E:\Users\DELL\source\repos\1\1\1.cpp(70,91): error C2065: “endl”: 未声明的标识符
E:\Users\DELL\source\repos\1\1\1.cpp(71,3): error C2065: “ofs”: 未声明的标识符
E:\Users\DELL\source\repos\1\1\1.cpp(71,25): error C2065: “i”: 未声明的标识符
E:\Users\DELL\source\repos\1\1\1.cpp(71,87): error C2065: “i”: 未声明的标识符
E:\Users\DELL\source\repos\1\1\1.cpp(71,93): error C2065: “endl”: 未声明的标识符
E:\Users\DELL\source\repos\1\1\1.cpp(74,2): error C2065: “ofs”: 未声明的标识符
E:\Users\DELL\source\repos\1\1\1.cpp(125,8): error C2065: “i”: 未声明的标识符
E:\Users\DELL\source\repos\1\1\1.cpp(125,15): error C2065: “i”: 未声明的标识符
E:\Users\DELL\source\repos\1\1\1.cpp(125,31): error C2065: “i”: 未声明的标识符
E:\Users\DELL\source\repos\1\1\1.cpp(127,19): error C2065: “i”: 未声明的标识符
E:\Users\DELL\source\repos\1\1\1.cpp(127,35): error C2065: “i”: 未声明的标识符
E:\Users\DELL\source\repos\1\1\1.cpp(129,20): error C2065: “i”: 未声明的标识符
E:\Users\DELL\source\repos\1\1\1.cpp(130,16): error C2065: “i”: 未声明的标识符
E:\Users\DELL\source\repos\1\1\1.cpp(130,32): error C2065: “i”: 未声明的标识符
E:\Users\DELL\source\repos\1\1\1.cpp(131,16): error C2065: “i”: 未声明的标识符
E:\Users\DELL\source\repos\1\1\1.cpp(132,11): error C2065: “i”: 未声明的标识符
E:\Users\DELL\source\repos\1\1\1.cpp(133,7): error C2065: “i”: 未声明的标识符
E:\Users\DELL\source\repos\1\1\1.cpp(133,14): error C2065: “i”: 未声明的标识符
E:\Users\DELL\source\repos\1\1\1.cpp(134,7): error C2065: “i”: 未声明的标识符
E:\Users\DELL\source\repos\1\1\1.cpp(138,2): error C2065: “cout”: 未声明的标识符
E:\Users\DELL\source\repos\1\1\1.cpp(138,85): error C2065: “endl”: 未声明的标识符
E:\Users\DELL\source\repos\1\1\1.cpp(139,7): error C2065: “j”: 未声明的标识符
E:\Users\DELL\source\repos\1\1\1.cpp(139,14): error C2065: “j”: 未声明的标识符
E:\Users\DELL\source\repos\1\1\1.cpp(139,21): error C2065: “j”: 未声明的标识符
E:\Users\DELL\source\repos\1\1\1.cpp(141,3): error C2065: “cout”: 未声明的标识符
E:\Users\DELL\source\repos\1\1\1.cpp(141,13): error C2065: “j”: 未声明的标识符
E:\Users\DELL\source\repos\1\1\1.cpp(141,19): error C3861: “setw”: 找不到标识符
E:\Users\DELL\source\repos\1\1\1.cpp(143,2): error C2065: “cout”: 未声明的标识符
E:\Users\DELL\source\repos\1\1\1.cpp(143,10): error C2065: “endl”: 未声明的标识符
E:\Users\DELL\source\repos\1\1\1.cpp(144,7): error C2065: “j”: 未声明的标识符
E:\Users\DELL\source\repos\1\1\1.cpp(144,14): error C2065: “j”: 未声明的标识符
E:\Users\DELL\source\repos\1\1\1.cpp(144,21): error C2065: “j”: 未声明的标识符
E:\Users\DELL\source\repos\1\1\1.cpp(146,3): error C2065: “cout”: 未声明的标识符
E:\Users\DELL\source\repos\1\1\1.cpp(146,22): error C2065: “j”: 未声明的标识符
E:\Users\DELL\source\repos\1\1\1.cpp(146,28): error C3861: “setw”: 找不到标识符
E:\Users\DELL\source\repos\1\1\1.cpp(148,2): error C2065: “cout”: 未声明的标识符
E:\Users\DELL\source\repos\1\1\1.cpp(148,10): error C2065: “endl”: 未声明的标识符
E:\Users\DELL\source\repos\1\1\1.cpp(160,8): error C2065: “i”: 未声明的标识符
E:\Users\DELL\source\repos\1\1\1.cpp(160,15): error C2065: “i”: 未声明的标识符
E:\Users\DELL\source\repos\1\1\1.cpp(160,31): error C2065: “i”: 未声明的标识符
E:\Users\DELL\source\repos\1\1\1.cpp(162,22): error C2065: “i”: 未声明的标识符
E:\Users\DELL\source\repos\1\1\1.cpp(162,41): error C2065: “i”: 未声明的标识符
E:\Users\DELL\source\repos\1\1\1.cpp(164,23): error C2065: “i”: 未声明的标识符
E:\Users\DELL\source\repos\1\1\1.cpp(165,19): error C2065: “i”: 未声明的标识符
E:\Users\DELL\source\repos\1\1\1.cpp(165,38): error C2065: “i”: 未声明的标识符
E:\Users\DELL\source\repos\1\1\1.cpp(166,19): error C2065: “i”: 未声明的标识符
E:\Users\DELL\source\repos\1\1\1.cpp(167,11): error C2065: “i”: 未声明的标识符
E:\Users\DELL\source\repos\1\1\1.cpp(168,7): error C2065: “i”: 未声明的标识符
E:\Users\DELL\source\repos\1\1\1.cpp(168,14): error C2065: “i”: 未声明的标识符
E:\Users\DELL\source\repos\1\1\1.cpp(169,7): error C2065: “i”: 未声明的标识符
E:\Users\DELL\source\repos\1\1\1.cpp(173,2): error C2065: “cout”: 未声明的标识符
E:\Users\DELL\source\repos\1\1\1.cpp(173,85): error C2065: “endl”: 未声明的标识符
E:\Users\DELL\source\repos\1\1\1.cpp(174,7): error C2065: “j”: 未声明的标识符
E:\Users\DELL\source\repos\1\1\1.cpp(174,14): error C2065: “j”: 未声明的标识符
E:\Users\DELL\source\repos\1\1\1.cpp(174,21): error C2065: “j”: 未声明的标识符
E:\Users\DELL\source\repos\1\1\1.cpp(176,3): error C2065: “cout”: 未声明的标识符
E:\Users\DELL\source\repos\1\1\1.cpp(176,13): error C2065: “j”: 未声明的标识符
E:\Users\DELL\source\repos\1\1\1.cpp(176,19): error C3861: “setw”: 找不到标识符
E:\Users\DELL\source\repos\1\1\1.cpp(178,2): error C2065: “cout”: 未声明的标识符
E:\Users\DELL\source\repos\1\1\1.cpp(178,10): error C2065: “endl”: 未声明的标识符
E:\Users\DELL\source\repos\1\1\1.cpp(179,7): error C2065: “j”: 未声明的标识符
E:\Users\DELL\source\repos\1\1\1.cpp(179,14): error C2065: “j”: 未声明的标识符
E:\Users\DELL\source\repos\1\1\1.cpp(179,21): error C2065: “j”: 未声明的标识符
E:\Users\DELL\source\repos\1\1\1.cpp(181,3): error C2065: “cout”: 未声明的标识符
E:\Users\DELL\source\repos\1\1\1.cpp(181,25): error C2065: “j”: 未声明的标识符
E:\Users\DELL\source\repos\1\1\1.cpp(181,31): error C3861: “setw”: 找不到标识符
E:\Users\DELL\source\repos\1\1\1.cpp(183,2): error C2065: “cout”: 未声明的标识符
E:\Users\DELL\source\repos\1\1\1.cpp(183,10): error C2065: “endl”: 未声明的标识符
E:\Users\DELL\source\repos\1\1\1.cpp(195,8): error C2065: “i”: 未声明的标识符
E:\Users\DELL\source\repos\1\1\1.cpp(195,15): error C2065: “i”: 未声明的标识符
E:\Users\DELL\source\repos\1\1\1.cpp(195,31): error C2065: “i”: 未声明的标识符
E:\Users\DELL\source\repos\1\1\1.cpp(197,24): error C2065: “i”: 未声明的标识符
E:\Users\DELL\source\repos\1\1\1.cpp(197,45): error C2065: “i”: 未声明的标识符
E:\Users\DELL\source\repos\1\1\1.cpp(197,7): fatal  error C1003: 错误计数超过 100；正在停止编译
